[2026-01-30T01:34:29.950Z] [INFO] Server listening on port 3040 {"express":"listening"} O:\Projects\Helm Project Manager\src\server.js:99:90
[2026-01-30T01:34:29.957Z] [INFO] Visit http://localhost:3040 {"express":"listening"} O:\Projects\Helm Project Manager\src\server.js:100:88
[2026-01-30T01:34:33.843Z] [TRACE] Skipping auth for public route {"path":"/"} O:\Projects\Helm Project Manager\src\middleware\auth.js:12:86
[2026-01-30T01:34:33.980Z] [WARN] Missing Authorization header {"path":"/api/db-time"} O:\Projects\Helm Project Manager\src\middleware\auth.js:17:83
[2026-01-30T01:34:34.034Z] [WARN] Missing Authorization header {"path":"/favicon.ico"} O:\Projects\Helm Project Manager\src\middleware\auth.js:17:83
[2026-01-30T01:34:33.958Z] [WARN] Missing Authorization header {"path":"/api/health"} O:\Projects\Helm Project Manager\src\middleware\auth.js:17:83
[2026-01-30T01:44:29.974Z] [INFO] Logged out inactive users: 0 {"function":"logoutInactiveUsers"} O:\Projects\Helm Project Manager\src\controllers\users.js:351:120
[2026-01-30T01:48:16.901Z] [TRACE] Skipping auth for public route {"path":"/"} O:\Projects\Helm Project Manager\src\middleware\auth.js:12:86
[2026-01-30T01:48:16.992Z] [WARN] Missing Authorization header {"path":"/api/health"} O:\Projects\Helm Project Manager\src\middleware\auth.js:17:83
[2026-01-30T01:48:17.019Z] [WARN] Missing Authorization header {"path":"/api/db-time"} O:\Projects\Helm Project Manager\src\middleware\auth.js:17:83
[2026-01-30T01:48:17.050Z] [WARN] Missing Authorization header {"path":"/favicon.ico"} O:\Projects\Helm Project Manager\src\middleware\auth.js:17:83
[2026-01-30T01:48:18.155Z] [TRACE] Skipping auth for public route {"path":"/"} O:\Projects\Helm Project Manager\src\middleware\auth.js:12:86
[2026-01-30T01:48:18.217Z] [WARN] Missing Authorization header {"path":"/api/health"} O:\Projects\Helm Project Manager\src\middleware\auth.js:17:83
[2026-01-30T01:48:18.227Z] [WARN] Missing Authorization header {"path":"/api/db-time"} O:\Projects\Helm Project Manager\src\middleware\auth.js:17:83
[2026-01-30T01:48:18.272Z] [WARN] Missing Authorization header {"path":"/favicon.ico"} O:\Projects\Helm Project Manager\src\middleware\auth.js:17:83
[2026-01-30T01:48:18.352Z] [TRACE] Skipping auth for public route {"path":"/"} O:\Projects\Helm Project Manager\src\middleware\auth.js:12:86
[2026-01-30T01:48:18.418Z] [WARN] Missing Authorization header {"path":"/api/health"} O:\Projects\Helm Project Manager\src\middleware\auth.js:17:83
[2026-01-30T01:48:18.434Z] [WARN] Missing Authorization header {"path":"/api/db-time"} O:\Projects\Helm Project Manager\src\middleware\auth.js:17:83
[2026-01-30T01:48:18.478Z] [WARN] Missing Authorization header {"path":"/favicon.ico"} O:\Projects\Helm Project Manager\src\middleware\auth.js:17:83
[2026-01-30T01:48:18.534Z] [TRACE] Skipping auth for public route {"path":"/"} O:\Projects\Helm Project Manager\src\middleware\auth.js:12:86
[2026-01-30T01:48:18.616Z] [WARN] Missing Authorization header {"path":"/api/health"} O:\Projects\Helm Project Manager\src\middleware\auth.js:17:83
[2026-01-30T01:48:18.621Z] [WARN] Missing Authorization header {"path":"/api/db-time"} O:\Projects\Helm Project Manager\src\middleware\auth.js:17:83
[2026-01-30T01:48:18.661Z] [WARN] Missing Authorization header {"path":"/favicon.ico"} O:\Projects\Helm Project Manager\src\middleware\auth.js:17:83
[2026-01-30T01:48:18.727Z] [TRACE] Skipping auth for public route {"path":"/"} O:\Projects\Helm Project Manager\src\middleware\auth.js:12:86
[2026-01-30T01:48:18.785Z] [WARN] Missing Authorization header {"path":"/api/health"} O:\Projects\Helm Project Manager\src\middleware\auth.js:17:83
[2026-01-30T01:48:18.798Z] [WARN] Missing Authorization header {"path":"/api/db-time"} O:\Projects\Helm Project Manager\src\middleware\auth.js:17:83
[2026-01-30T01:48:18.834Z] [WARN] Missing Authorization header {"path":"/favicon.ico"} O:\Projects\Helm Project Manager\src\middleware\auth.js:17:83
[2026-01-30T01:48:18.898Z] [TRACE] Skipping auth for public route {"path":"/"} O:\Projects\Helm Project Manager\src\middleware\auth.js:12:86
[2026-01-30T01:48:18.960Z] [WARN] Missing Authorization header {"path":"/api/health"} O:\Projects\Helm Project Manager\src\middleware\auth.js:17:83
[2026-01-30T01:48:18.970Z] [WARN] Missing Authorization header {"path":"/api/db-time"} O:\Projects\Helm Project Manager\src\middleware\auth.js:17:83
[2026-01-30T01:48:19.015Z] [WARN] Missing Authorization header {"path":"/favicon.ico"} O:\Projects\Helm Project Manager\src\middleware\auth.js:17:83
[2026-01-30T01:54:29.976Z] [INFO] Logged out inactive users: 0 {"function":"logoutInactiveUsers"} O:\Projects\Helm Project Manager\src\controllers\users.js:351:120
[2026-01-30T01:54:59.294Z] [TRACE] Skipping auth for public route {"path":"/"} O:\Projects\Helm Project Manager\src\middleware\auth.js:12:86
[2026-01-30T01:54:59.482Z] [WARN] Missing Authorization header {"path":"/api/health"} O:\Projects\Helm Project Manager\src\middleware\auth.js:17:83
[2026-01-30T01:54:59.513Z] [WARN] Missing Authorization header {"path":"/api/db-time"} O:\Projects\Helm Project Manager\src\middleware\auth.js:17:83
[2026-01-30T01:54:59.547Z] [WARN] Missing Authorization header {"path":"/favicon.png"} O:\Projects\Helm Project Manager\src\middleware\auth.js:17:83
[2026-01-30T01:55:00.019Z] [TRACE] Skipping auth for public route {"path":"/"} O:\Projects\Helm Project Manager\src\middleware\auth.js:12:86
[2026-01-30T01:55:00.089Z] [WARN] Missing Authorization header {"path":"/api/health"} O:\Projects\Helm Project Manager\src\middleware\auth.js:17:83
[2026-01-30T01:55:00.107Z] [WARN] Missing Authorization header {"path":"/api/db-time"} O:\Projects\Helm Project Manager\src\middleware\auth.js:17:83
[2026-01-30T01:55:00.142Z] [WARN] Missing Authorization header {"path":"/favicon.png"} O:\Projects\Helm Project Manager\src\middleware\auth.js:17:83
[2026-01-30T01:55:00.433Z] [TRACE] Skipping auth for public route {"path":"/"} O:\Projects\Helm Project Manager\src\middleware\auth.js:12:86
[2026-01-30T01:55:00.493Z] [WARN] Missing Authorization header {"path":"/api/health"} O:\Projects\Helm Project Manager\src\middleware\auth.js:17:83
[2026-01-30T01:55:00.510Z] [WARN] Missing Authorization header {"path":"/api/db-time"} O:\Projects\Helm Project Manager\src\middleware\auth.js:17:83
[2026-01-30T01:55:00.541Z] [WARN] Missing Authorization header {"path":"/favicon.png"} O:\Projects\Helm Project Manager\src\middleware\auth.js:17:83
[2026-01-30T01:55:00.600Z] [TRACE] Skipping auth for public route {"path":"/"} O:\Projects\Helm Project Manager\src\middleware\auth.js:12:86
[2026-01-30T01:55:00.677Z] [WARN] Missing Authorization header {"path":"/api/health"} O:\Projects\Helm Project Manager\src\middleware\auth.js:17:83
[2026-01-30T01:55:00.691Z] [WARN] Missing Authorization header {"path":"/api/db-time"} O:\Projects\Helm Project Manager\src\middleware\auth.js:17:83
[2026-01-30T01:55:00.733Z] [WARN] Missing Authorization header {"path":"/favicon.png"} O:\Projects\Helm Project Manager\src\middleware\auth.js:17:83
[2026-01-30T01:55:00.774Z] [TRACE] Skipping auth for public route {"path":"/"} O:\Projects\Helm Project Manager\src\middleware\auth.js:12:86
[2026-01-30T01:55:00.873Z] [WARN] Missing Authorization header {"path":"/api/health"} O:\Projects\Helm Project Manager\src\middleware\auth.js:17:83
[2026-01-30T01:55:00.877Z] [WARN] Missing Authorization header {"path":"/api/db-time"} O:\Projects\Helm Project Manager\src\middleware\auth.js:17:83
[2026-01-30T01:55:00.919Z] [WARN] Missing Authorization header {"path":"/favicon.png"} O:\Projects\Helm Project Manager\src\middleware\auth.js:17:83
[2026-01-30T01:55:00.941Z] [TRACE] Skipping auth for public route {"path":"/"} O:\Projects\Helm Project Manager\src\middleware\auth.js:12:86
[2026-01-30T01:55:01.073Z] [WARN] Missing Authorization header {"path":"/api/health"} O:\Projects\Helm Project Manager\src\middleware\auth.js:17:83
[2026-01-30T01:55:01.095Z] [TRACE] Skipping auth for public route {"path":"/"} O:\Projects\Helm Project Manager\src\middleware\auth.js:12:86
[2026-01-30T01:55:01.098Z] [WARN] Missing Authorization header {"path":"/api/db-time"} O:\Projects\Helm Project Manager\src\middleware\auth.js:17:83
[2026-01-30T01:55:01.235Z] [WARN] Missing Authorization header {"path":"/api/health"} O:\Projects\Helm Project Manager\src\middleware\auth.js:17:83
[2026-01-30T01:55:01.244Z] [WARN] Missing Authorization header {"path":"/api/db-time"} O:\Projects\Helm Project Manager\src\middleware\auth.js:17:83
[2026-01-30T01:55:01.274Z] [TRACE] Skipping auth for public route {"path":"/"} O:\Projects\Helm Project Manager\src\middleware\auth.js:12:86
[2026-01-30T01:55:01.293Z] [WARN] Missing Authorization header {"path":"/favicon.png"} O:\Projects\Helm Project Manager\src\middleware\auth.js:17:83
[2026-01-30T01:55:01.383Z] [WARN] Missing Authorization header {"path":"/api/health"} O:\Projects\Helm Project Manager\src\middleware\auth.js:17:83
[2026-01-30T01:55:01.392Z] [WARN] Missing Authorization header {"path":"/api/db-time"} O:\Projects\Helm Project Manager\src\middleware\auth.js:17:83
[2026-01-30T01:55:01.417Z] [WARN] Missing Authorization header {"path":"/favicon.png"} O:\Projects\Helm Project Manager\src\middleware\auth.js:17:83
[2026-01-30T01:55:01.460Z] [TRACE] Skipping auth for public route {"path":"/"} O:\Projects\Helm Project Manager\src\middleware\auth.js:12:86
[2026-01-30T01:55:01.543Z] [WARN] Missing Authorization header {"path":"/api/health"} O:\Projects\Helm Project Manager\src\middleware\auth.js:17:83
[2026-01-30T01:55:01.557Z] [WARN] Missing Authorization header {"path":"/api/db-time"} O:\Projects\Helm Project Manager\src\middleware\auth.js:17:83
[2026-01-30T01:55:01.592Z] [WARN] Missing Authorization header {"path":"/favicon.png"} O:\Projects\Helm Project Manager\src\middleware\auth.js:17:83
[2026-01-30T01:55:50.091Z] [TRACE] Skipping auth for public route {"path":"/"} O:\Projects\Helm Project Manager\src\middleware\auth.js:12:86
[2026-01-30T01:55:50.204Z] [WARN] Missing Authorization header {"path":"/api/health"} O:\Projects\Helm Project Manager\src\middleware\auth.js:17:83
[2026-01-30T01:55:50.272Z] [TRACE] Skipping auth for public route {"path":"/public_images/favicon.ico"} O:\Projects\Helm Project Manager\src\middleware\auth.js:12:86
[2026-01-30T01:55:50.220Z] [WARN] Missing Authorization header {"path":"/api/db-time"} O:\Projects\Helm Project Manager\src\middleware\auth.js:17:83
[2026-01-30T01:55:50.888Z] [TRACE] Skipping auth for public route {"path":"/"} O:\Projects\Helm Project Manager\src\middleware\auth.js:12:86
[2026-01-30T01:55:51.007Z] [WARN] Missing Authorization header {"path":"/api/health"} O:\Projects\Helm Project Manager\src\middleware\auth.js:17:83
[2026-01-30T01:55:51.022Z] [TRACE] Skipping auth for public route {"path":"/public_images/favicon.ico"} O:\Projects\Helm Project Manager\src\middleware\auth.js:12:86
[2026-01-30T01:55:51.021Z] [WARN] Missing Authorization header {"path":"/api/db-time"} O:\Projects\Helm Project Manager\src\middleware\auth.js:17:83
